2024-11-11 22:52:49.656 | INFO     | model_service:load_model:18 - checking the existance of model config file at models/rf_v1
2024-11-11 22:52:49.661 | INFO     | model_service:load_model:26 - model rf_v1 exist! -> loading model configuration file
2024-11-11 22:52:49.676 | INFO     | model_service:predict:31 - making prediction
2024-11-11 22:52:49.697 | INFO     | __main__:main:9 - prediction = [2031.49991702]
2024-11-11 22:53:39.081 | INFO     | model_service:load_model:18 - checking the existance of model config file at models/rf_v1
2024-11-11 22:53:39.085 | WARNING  | model_service:load_model:23 - model at models/rf_v1 was not found -> building rf_v1
2024-11-11 22:53:39.085 | INFO     | model:build_model:12 - starting up model building pipeline
2024-11-11 22:53:39.089 | INFO     | preperation:prepare_data:9 - Starting up proprocessing pipeline
2024-11-11 22:53:39.090 | INFO     | collection:load_data:7 - loading csv file at path rent_apartments.csv
2024-11-11 22:53:39.133 | INFO     | preperation:encode_cat_cols:26 - Encoding categorical columns: ['balcony', 'parking', 'furnished', 'garage', 'storage']
2024-11-11 22:53:39.168 | INFO     | preperation:parse_garden_col:30 - Parsing garden column
2024-11-11 22:53:39.172 | INFO     | model:get_X_y:34 - defining X and Y variables. 
X vars: ['area', 'constraction_year', 'bedrooms', 'garden', 'balcony_yes', 'parking_yes', 'furnished_yes', 'garage_yes', 'storage_yes']
y var: rent
2024-11-11 22:53:39.175 | INFO     | model:split_train_test:39 - splitting data into train and test sets
2024-11-11 22:53:39.188 | INFO     | model:train_model:47 - training a model with hyperparameters
2024-11-11 22:54:17.950 | INFO     | model:evaluate_model:60 - evaluatng model performance. SCORE: 0.7279084959970701
2024-11-11 22:54:17.987 | INFO     | model:save_model:65 - saving a model to a directory models/rf_v1
2024-11-11 22:54:18.026 | INFO     | model_service:load_model:26 - model rf_v1 exist! -> loading model configuration file
2024-11-11 22:54:18.071 | INFO     | model_service:predict:31 - making prediction
2024-11-11 22:54:18.091 | INFO     | __main__:main:9 - prediction = [1975.29660714]
2024-11-11 23:01:37.593 | INFO     | model_service:load_model:17 - checking the existance of model config file at models/rf_v1
2024-11-11 23:01:37.595 | WARNING  | model_service:load_model:22 - model at models/rf_v1 was not found -> building rf_v1
2024-11-11 23:01:37.596 | INFO     | model:build_model:12 - starting up model building pipeline
2024-11-11 23:01:37.597 | INFO     | preperation:prepare_data:9 - Starting up proprocessing pipeline
2024-11-11 23:01:37.598 | INFO     | collection:load_data:7 - loading csv file at path rent_apartments.csv
2024-11-11 23:01:37.618 | INFO     | preperation:encode_cat_cols:26 - Encoding categorical columns: ['balcony', 'parking', 'furnished', 'garage', 'storage']
2024-11-11 23:01:37.638 | INFO     | preperation:parse_garden_col:30 - Parsing garden column
2024-11-11 23:01:37.640 | INFO     | model:get_X_y:34 - defining X and Y variables. 
X vars: ['area', 'constraction_year', 'bedrooms', 'garden', 'balcony_yes', 'parking_yes', 'furnished_yes', 'garage_yes', 'storage_yes']
y var: rent
2024-11-11 23:01:37.655 | INFO     | model:split_train_test:39 - splitting data into train and test sets
2024-11-11 23:01:37.664 | INFO     | model:train_model:47 - training a model with hyperparameters
2024-11-11 23:01:37.670 | DEBUG    | model:train_model:51 - grid space {'n_estimators': [100, 200, 300], 'max_depth': [3, 6, 9, 12]}
2024-11-11 23:02:13.966 | INFO     | model:evaluate_model:62 - evaluatng model performance. SCORE: 0.7645687378723489
2024-11-11 23:02:14.058 | INFO     | model:save_model:67 - saving a model to a directory models/rf_v1
2024-11-11 23:02:14.221 | INFO     | model_service:load_model:25 - model rf_v1 exist! -> loading model configuration file
2024-11-11 23:02:14.407 | INFO     | model_service:predict:30 - making prediction
2024-11-11 23:02:14.481 | INFO     | __main__:main:9 - prediction = [2024.4399584]
2024-11-11 23:04:25.236 | INFO     | model_service:load_model:17 - checking the existance of model config file at models/rf_v1
2024-11-11 23:04:25.240 | WARNING  | model_service:load_model:22 - model at models/rf_v1 was not found -> building rf_v1
2024-11-11 23:04:25.241 | INFO     | model:build_model:12 - starting up model building pipeline
2024-11-11 23:04:25.242 | INFO     | preperation:prepare_data:9 - Starting up proprocessing pipeline
2024-11-11 23:04:25.243 | INFO     | collection:load_data:7 - loading csv file at path rent_apartments.csv
2024-11-11 23:04:25.259 | INFO     | preperation:encode_cat_cols:26 - Encoding categorical columns: ['balcony', 'parking', 'furnished', 'garage', 'storage']
2024-11-11 23:04:25.267 | INFO     | preperation:parse_garden_col:30 - Parsing garden column
2024-11-11 23:04:25.271 | INFO     | model:get_X_y:34 - defining X and Y variables. 
X vars: ['area', 'constraction_year', 'bedrooms', 'garden', 'balcony_yes', 'parking_yes', 'furnished_yes', 'garage_yes', 'storage_yes']
y var: rent
2024-11-11 23:04:25.274 | INFO     | model:split_train_test:39 - splitting data into train and test sets
2024-11-11 23:04:25.281 | INFO     | model:train_model:47 - training a model with hyperparameters
2024-11-11 23:04:25.282 | DEBUG    | model:train_model:51 - grid space {'n_estimators': [100, 200, 300], 'max_depth': [3, 6, 9, 12]}
2024-11-11 23:05:09.673 | INFO     | model:evaluate_model:62 - evaluatng model performance. SCORE: 0.6226352610536894
2024-11-11 23:05:09.717 | INFO     | model:save_model:67 - saving a model to a directory models/rf_v1
2024-11-11 23:05:09.766 | INFO     | model_service:load_model:25 - model rf_v1 exist! -> loading model configuration file
2024-11-11 23:05:09.804 | INFO     | model_service:predict:30 - making prediction
2024-11-11 23:05:09.835 | INFO     | __main__:main:9 - prediction = [2320.43676264]
2024-11-11 23:09:37.180 | INFO     | model_service:load_model:17 - checking the existance of model config file at models/rf_v1
2024-11-11 23:09:37.183 | WARNING  | model_service:load_model:22 - model at models/rf_v1 was not found -> building rf_v1
2024-11-11 23:09:37.184 | INFO     | model:build_model:12 - starting up model building pipeline
2024-11-11 23:09:37.185 | INFO     | preperation:prepare_data:9 - Starting up proprocessing pipeline
2024-11-11 23:09:37.186 | INFO     | collection:load_data:8 - loading csv file at path rent_apartments.csv
2024-11-11 23:09:37.206 | INFO     | preperation:encode_cat_cols:26 - Encoding categorical columns: ['balcony', 'parking', 'furnished', 'garage', 'storage']
2024-11-11 23:09:37.221 | INFO     | preperation:parse_garden_col:30 - Parsing garden column
2024-11-11 23:09:37.223 | INFO     | model:get_X_y:34 - defining X and Y variables. 
X vars: ['area', 'constraction_year', 'bedrooms', 'garden', 'balcony_yes', 'parking_yes', 'furnished_yes', 'garage_yes', 'storage_yes']
y var: rent
2024-11-11 23:09:37.232 | INFO     | model:split_train_test:39 - splitting data into train and test sets
2024-11-11 23:09:37.236 | INFO     | model:train_model:47 - training a model with hyperparameters
2024-11-11 23:09:37.237 | DEBUG    | model:train_model:51 - grid space {'n_estimators': [100, 200, 300], 'max_depth': [3, 6, 9, 12]}
2024-11-11 23:10:15.926 | INFO     | model:evaluate_model:62 - evaluatng model performance. SCORE: 0.7261351909005651
2024-11-11 23:10:15.991 | INFO     | model:save_model:67 - saving a model to a directory models/rf_v1
2024-11-11 23:10:16.075 | INFO     | model_service:load_model:25 - model rf_v1 exist! -> loading model configuration file
2024-11-11 23:10:16.138 | INFO     | model_service:predict:30 - making prediction
2024-11-11 23:10:16.160 | INFO     | __main__:main:9 - prediction = [2064.75598162]
2024-11-11 23:11:00.117 | INFO     | model_service:load_model:17 - checking the existance of model config file at models/rf_v1
2024-11-11 23:11:00.120 | WARNING  | model_service:load_model:22 - model at models/rf_v1 was not found -> building rf_v1
2024-11-11 23:11:00.121 | INFO     | model:build_model:12 - starting up model building pipeline
2024-11-11 23:11:00.123 | INFO     | preperation:prepare_data:9 - Starting up proprocessing pipeline
2024-11-11 23:11:00.124 | INFO     | collection:load_data:8 - loading csv file at path rent_apartments.csv
2024-11-11 23:11:00.143 | INFO     | preperation:encode_cat_cols:26 - Encoding categorical columns: ['balcony', 'parking', 'furnished', 'garage', 'storage']
2024-11-11 23:11:00.157 | INFO     | preperation:parse_garden_col:30 - Parsing garden column
2024-11-11 23:11:00.160 | INFO     | model:get_X_y:34 - defining X and Y variables. 
X vars: ['area', 'constraction_year', 'bedrooms', 'garden', 'balcony_yes', 'parking_yes', 'furnished_yes', 'garage_yes', 'storage_yes']
y var: rent
2024-11-11 23:11:00.166 | INFO     | model:split_train_test:39 - splitting data into train and test sets
2024-11-11 23:11:00.171 | INFO     | model:train_model:47 - training a model with hyperparameters
2024-11-11 23:11:37.937 | INFO     | model:evaluate_model:62 - evaluatng model performance. SCORE: 0.7836641898911615
2024-11-11 23:11:37.969 | INFO     | model:save_model:67 - saving a model to a directory models/rf_v1
2024-11-11 23:11:38.024 | INFO     | model_service:load_model:25 - model rf_v1 exist! -> loading model configuration file
2024-11-11 23:11:38.072 | INFO     | model_service:predict:30 - making prediction
2024-11-11 23:11:38.089 | INFO     | __main__:main:9 - prediction = [2426.23438988]
2024-11-11 23:13:20.398 | INFO     | model_service:load_model:17 - checking the existance of model config file at models/rf_v1
2024-11-11 23:13:20.412 | INFO     | model_service:load_model:25 - model rf_v1 exist! -> loading model configuration file
2024-11-11 23:13:20.465 | INFO     | model_service:predict:30 - making prediction
2024-11-11 23:13:20.485 | INFO     | __main__:main:9 - prediction = [2426.23438988]
2024-11-11 23:13:40.998 | INFO     | model_service:load_model:17 - checking the existance of model config file at models/rf_v1
2024-11-11 23:13:41.000 | INFO     | model_service:load_model:25 - model rf_v1 exist! -> loading model configuration file
2024-11-11 23:13:41.066 | INFO     | model_service:predict:30 - making prediction
2024-11-11 23:13:41.088 | INFO     | __main__:main:9 - prediction = [2426.23438988]
