2024-11-16 01:25:50.857 | INFO     | __main__:main:23 - running the application...
2024-11-16 01:25:50.857 | INFO     | model.model_service:load_model:42 - checking the existance of model config file at model\models/rf_db_v2
2024-11-16 01:25:50.860 | INFO     | model.model_service:load_model:58 - model rf_db_v2 exists! -> loading model configuration file
2024-11-16 01:25:50.892 | INFO     | model.model_service:predict:79 - making prediction!
2024-11-16 01:25:50.911 | INFO     | __main__:main:39 - prediction = [2041.35090919]
2024-11-16 02:50:57.219 | INFO     | __main__:main:23 - running the application...
2024-11-16 02:50:57.225 | INFO     | model.model_service:load_model:42 - checking the existance of model config file at model\models/rf_db_v2
2024-11-16 02:50:57.225 | INFO     | model.model_service:load_model:58 - model rf_db_v2 exists! -> loading model configuration file
2024-11-16 02:50:57.286 | INFO     | model.model_service:predict:79 - making prediction!
2024-11-16 02:50:57.306 | INFO     | __main__:main:39 - prediction = [2041.35090919]
2024-11-16 14:02:31.251 | INFO     | __main__:main:23 - running the application...
2024-11-16 14:02:31.253 | INFO     | model.model_service:load_model:42 - checking the existance of model config file at model\models/rf_db_v2
2024-11-16 14:02:31.253 | INFO     | model.model_service:load_model:58 - model rf_db_v2 exists! -> loading model configuration file
2024-11-16 14:02:31.299 | INFO     | model.model_service:predict:79 - making prediction!
2024-11-16 14:02:31.325 | INFO     | __main__:main:39 - prediction = [2041.35090919]
2024-11-16 14:03:09.907 | INFO     | __main__:main:23 - running the application...
2024-11-16 14:03:09.908 | INFO     | model.model_service:load_model:42 - checking the existance of model config file at model\models/rf_db_v2
2024-11-16 14:03:09.909 | INFO     | model.model_service:load_model:58 - model rf_db_v2 exists! -> loading model configuration file
2024-11-16 14:03:09.946 | INFO     | model.model_service:predict:79 - making prediction!
2024-11-16 14:03:09.966 | INFO     | __main__:main:39 - prediction = [2041.35090919]
2024-11-16 14:07:30.406 | INFO     | __main__:main:23 - running the application...
2024-11-16 14:07:30.407 | INFO     | model.model_service:load_model:42 - checking the existance of model config file at model\models/rf_db_v2
2024-11-16 14:07:30.408 | INFO     | model.model_service:load_model:58 - model rf_db_v2 exists! -> loading model configuration file
2024-11-16 14:07:30.445 | INFO     | model.model_service:predict:79 - making prediction!
2024-11-16 14:07:30.459 | INFO     | __main__:main:39 - prediction = [2041.35090919]
2024-11-16 14:08:37.602 | INFO     | __main__:main:23 - running the application...
2024-11-16 14:08:37.604 | INFO     | model.model_service:load_model:42 - checking the existance of model config file at model\models/rf_db_v2
2024-11-16 14:08:37.605 | INFO     | model.model_service:load_model:58 - model rf_db_v2 exists! -> loading model configuration file
2024-11-16 14:08:37.638 | INFO     | model.model_service:predict:79 - making prediction!
2024-11-16 14:08:37.656 | INFO     | __main__:main:39 - prediction = [2041.35090919]
2024-11-16 14:15:41.601 | INFO     | __main__:main:23 - running the application...
2024-11-16 14:15:41.603 | INFO     | model.model_service:load_model:42 - checking the existance of model config file at model\models/rf_db_v2
2024-11-16 14:15:41.603 | INFO     | model.model_service:load_model:58 - model rf_db_v2 exists! -> loading model configuration file
2024-11-16 14:15:41.636 | INFO     | model.model_service:predict:79 - making prediction!
2024-11-16 14:15:41.655 | INFO     | __main__:main:39 - prediction = [2041.35090919]
2024-11-16 14:17:25.453 | INFO     | __main__:main:23 - running the application...
2024-11-16 14:17:25.454 | INFO     | model.model_service:load_model:42 - checking the existance of model config file at model\models/rf_db_v2
2024-11-16 14:17:25.455 | INFO     | model.model_service:load_model:58 - model rf_db_v2 exists! -> loading model configuration file
2024-11-16 14:17:25.487 | INFO     | model.model_service:predict:79 - making prediction!
2024-11-16 14:17:25.505 | INFO     | __main__:main:39 - prediction = [2041.35090919]
2024-11-16 14:19:50.353 | INFO     | __main__:main:23 - running the application...
2024-11-16 14:19:50.355 | INFO     | model.model_service:load_model:42 - checking the existance of model config file at model\models/rf_db_v2
2024-11-16 14:19:50.355 | INFO     | model.model_service:load_model:58 - model rf_db_v2 exists! -> loading model configuration file
2024-11-16 14:19:50.392 | INFO     | model.model_service:predict:79 - making prediction!
2024-11-16 14:19:50.406 | INFO     | __main__:main:39 - prediction = [2041.35090919]
2024-11-16 14:20:26.245 | INFO     | __main__:main:23 - running the application...
2024-11-16 14:20:26.246 | INFO     | model.model_service:load_model:42 - checking the existance of model config file at model\models/rf_db_v2
2024-11-16 14:20:26.247 | INFO     | model.model_service:load_model:58 - model rf_db_v2 exists! -> loading model configuration file
2024-11-16 14:20:26.279 | INFO     | model.model_service:predict:79 - making prediction!
2024-11-16 14:20:26.301 | INFO     | __main__:main:39 - prediction = [2041.35090919]
